<?xml version="1.0" encoding="UTF-8"?>
<testsuites>
  <testsuite name="fastlane.lanes">
    
    
    
      
      <testcase classname="fastlane.lanes" name="0: default_platform" time="0.000248">
        
      </testcase>
    
      
      <testcase classname="fastlane.lanes" name="1: test" time="19.262949">
        
          <failure message="/opt/homebrew/lib/ruby/gems/3.4.0/gems/fastlane-2.229.1/fastlane/lib/fastlane/actions/actions_helper.rb:67:in &apos;Fastlane::Actions.execute_action&apos;&#10;/opt/homebrew/lib/ruby/gems/3.4.0/gems/fastlane-2.229.1/fastlane/lib/fastlane/runner.rb:255:in &apos;block in Fastlane::Runner#execute_action&apos;&#10;/opt/homebrew/lib/ruby/gems/3.4.0/gems/fastlane-2.229.1/fastlane/lib/fastlane/runner.rb:229:in &apos;Dir.chdir&apos;&#10;/opt/homebrew/lib/ruby/gems/3.4.0/gems/fastlane-2.229.1/fastlane/lib/fastlane/runner.rb:229:in &apos;Fastlane::Runner#execute_action&apos;&#10;/opt/homebrew/lib/ruby/gems/3.4.0/gems/fastlane-2.229.1/fastlane/lib/fastlane/runner.rb:157:in &apos;Fastlane::Runner#trigger_action_by_name&apos;&#10;/opt/homebrew/lib/ruby/gems/3.4.0/gems/fastlane-2.229.1/fastlane/lib/fastlane/fast_file.rb:159:in &apos;Fastlane::FastFile#method_missing&apos;&#10;Fastfile:21:in &apos;block (2 levels) in Fastlane::FastFile#parsing_binding&apos;&#10;/opt/homebrew/lib/ruby/gems/3.4.0/gems/fastlane-2.229.1/fastlane/lib/fastlane/lane.rb:41:in &apos;Fastlane::Lane#call&apos;&#10;/opt/homebrew/lib/ruby/gems/3.4.0/gems/fastlane-2.229.1/fastlane/lib/fastlane/runner.rb:49:in &apos;block in Fastlane::Runner#execute&apos;&#10;/opt/homebrew/lib/ruby/gems/3.4.0/gems/fastlane-2.229.1/fastlane/lib/fastlane/runner.rb:45:in &apos;Dir.chdir&apos;&#10;/opt/homebrew/lib/ruby/gems/3.4.0/gems/fastlane-2.229.1/fastlane/lib/fastlane/runner.rb:45:in &apos;Fastlane::Runner#execute&apos;&#10;/opt/homebrew/lib/ruby/gems/3.4.0/gems/fastlane-2.229.1/fastlane/lib/fastlane/lane_manager.rb:46:in &apos;Fastlane::LaneManager.cruise_lane&apos;&#10;/opt/homebrew/lib/ruby/gems/3.4.0/gems/fastlane-2.229.1/fastlane/lib/fastlane/command_line_handler.rb:34:in &apos;Fastlane::CommandLineHandler.handle&apos;&#10;/opt/homebrew/lib/ruby/gems/3.4.0/gems/fastlane-2.229.1/fastlane/lib/fastlane/commands_generator.rb:110:in &apos;block (2 levels) in Fastlane::CommandsGenerator#run&apos;&#10;/opt/homebrew/lib/ruby/gems/3.4.0/gems/commander-4.6.0/lib/commander/command.rb:187:in &apos;Commander::Command#call&apos;&#10;/opt/homebrew/lib/ruby/gems/3.4.0/gems/commander-4.6.0/lib/commander/command.rb:157:in &apos;Commander::Command#run&apos;&#10;/opt/homebrew/lib/ruby/gems/3.4.0/gems/commander-4.6.0/lib/commander/runner.rb:444:in &apos;Commander::Runner#run_active_command&apos;&#10;/opt/homebrew/lib/ruby/gems/3.4.0/gems/fastlane-2.229.1/fastlane_core/lib/fastlane_core/ui/fastlane_runner.rb:124:in &apos;Commander::Runner#run!&apos;&#10;/opt/homebrew/lib/ruby/gems/3.4.0/gems/commander-4.6.0/lib/commander/delegates.rb:18:in &apos;Commander::Delegates#run!&apos;&#10;/opt/homebrew/lib/ruby/gems/3.4.0/gems/fastlane-2.229.1/fastlane/lib/fastlane/commands_generator.rb:363:in &apos;Fastlane::CommandsGenerator#run&apos;&#10;/opt/homebrew/lib/ruby/gems/3.4.0/gems/fastlane-2.229.1/fastlane/lib/fastlane/commands_generator.rb:43:in &apos;Fastlane::CommandsGenerator.start&apos;&#10;/opt/homebrew/lib/ruby/gems/3.4.0/gems/fastlane-2.229.1/fastlane/lib/fastlane/cli_tools_distributor.rb:123:in &apos;Fastlane::CLIToolsDistributor.take_off&apos;&#10;/opt/homebrew/lib/ruby/gems/3.4.0/gems/fastlane-2.229.1/bin/fastlane:23:in &apos;&lt;top (required)&gt;&apos;&#10;/opt/homebrew/Cellar/ruby/3.4.7/lib/ruby/3.4.0/rubygems.rb:319:in &apos;Kernel#load&apos;&#10;/opt/homebrew/Cellar/ruby/3.4.7/lib/ruby/3.4.0/rubygems.rb:319:in &apos;Gem.activate_and_load_bin_path&apos;&#10;/opt/homebrew/lib/ruby/gems/3.4.0/bin/fastlane:25:in &apos;&lt;top (required)&gt;&apos;&#10;/opt/homebrew/lib/ruby/gems/3.4.0/gems/bundler-2.3.26/lib/bundler/cli/exec.rb:58:in &apos;Kernel.load&apos;&#10;/opt/homebrew/lib/ruby/gems/3.4.0/gems/bundler-2.3.26/lib/bundler/cli/exec.rb:58:in &apos;Bundler::CLI::Exec#kernel_load&apos;&#10;/opt/homebrew/lib/ruby/gems/3.4.0/gems/bundler-2.3.26/lib/bundler/cli/exec.rb:23:in &apos;Bundler::CLI::Exec#run&apos;&#10;/opt/homebrew/lib/ruby/gems/3.4.0/gems/bundler-2.3.26/lib/bundler/cli.rb:486:in &apos;Bundler::CLI#exec&apos;&#10;/opt/homebrew/lib/ruby/gems/3.4.0/gems/bundler-2.3.26/lib/bundler/vendor/thor/lib/thor/command.rb:27:in &apos;Bundler::Thor::Command#run&apos;&#10;/opt/homebrew/lib/ruby/gems/3.4.0/gems/bundler-2.3.26/lib/bundler/vendor/thor/lib/thor/invocation.rb:127:in &apos;Bundler::Thor::Invocation#invoke_command&apos;&#10;/opt/homebrew/lib/ruby/gems/3.4.0/gems/bundler-2.3.26/lib/bundler/vendor/thor/lib/thor.rb:392:in &apos;Bundler::Thor.dispatch&apos;&#10;/opt/homebrew/lib/ruby/gems/3.4.0/gems/bundler-2.3.26/lib/bundler/cli.rb:31:in &apos;Bundler::CLI.dispatch&apos;&#10;/opt/homebrew/lib/ruby/gems/3.4.0/gems/bundler-2.3.26/lib/bundler/vendor/thor/lib/thor/base.rb:485:in &apos;Bundler::Thor::Base::ClassMethods#start&apos;&#10;/opt/homebrew/lib/ruby/gems/3.4.0/gems/bundler-2.3.26/lib/bundler/cli.rb:25:in &apos;Bundler::CLI.start&apos;&#10;/opt/homebrew/lib/ruby/gems/3.4.0/gems/bundler-2.3.26/exe/bundle:48:in &apos;block in &lt;top (required)&gt;&apos;&#10;/opt/homebrew/lib/ruby/gems/3.4.0/gems/bundler-2.3.26/lib/bundler/friendly_errors.rb:120:in &apos;Bundler.with_friendly_errors&apos;&#10;/opt/homebrew/lib/ruby/gems/3.4.0/gems/bundler-2.3.26/exe/bundle:36:in &apos;&lt;top (required)&gt;&apos;&#10;/opt/homebrew/Cellar/ruby/3.4.7/lib/ruby/3.4.0/rubygems.rb:319:in &apos;Kernel#load&apos;&#10;/opt/homebrew/Cellar/ruby/3.4.7/lib/ruby/3.4.0/rubygems.rb:319:in &apos;Gem.activate_and_load_bin_path&apos;&#10;/opt/homebrew/opt/ruby/bin/bundle:25:in &apos;&lt;main&gt;&apos;&#10;&#10;Exit status of command &apos;/Users/sangtruong/project_structure/android/gradlew test -p .&apos; was 1 instead of 0.&#10;&#10;Welcome to Gradle 8.13!&#10;&#10;Here are the highlights of this release:&#10; - Daemon JVM auto-provisioning&#10; - Enhancements for Scala plugin and JUnit testing&#10; - Improvements for build authors and plugin developers&#10;&#10;For more details see https://docs.gradle.org/8.13/release-notes.html&#10;&#10;Starting a Gradle Daemon, 1 incompatible Daemon could not be reused, use --status for details&#10;&gt; Task :gradle:checkKotlinGradlePluginConfigurationErrors SKIPPED&#10;&gt; Task :gradle:pluginDescriptors UP-TO-DATE&#10;&gt; Task :gradle:processResources UP-TO-DATE&#10;&#10;&gt; Task :gradle:compileKotlin&#10;w: file:///Users/sangtruong/fvm/versions/3.35.7/packages/flutter_tools/gradle/src/main/kotlin/FlutterPlugin.kt:11:37 &apos;ApkVariant&apos; is deprecated. Deprecated in Java&#10;w: file:///Users/sangtruong/fvm/versions/3.35.7/packages/flutter_tools/gradle/src/main/kotlin/FlutterPlugin.kt:609:69 &apos;ApkVariant&apos; is deprecated. Deprecated in Java&#10;w: file:///Users/sangtruong/fvm/versions/3.35.7/packages/flutter_tools/gradle/src/main/kotlin/plugins/PluginHandler.kt:186:64 Unchecked cast: NamedDomainObjectContainer&lt;out BuildType&gt; to NamedDomainObjectContainer&lt;BuildType&gt;&#10;w: file:///Users/sangtruong/fvm/versions/3.35.7/packages/flutter_tools/gradle/src/main/kotlin/plugins/PluginHandler.kt:187:69 Unchecked cast: NamedDomainObjectContainer&lt;out BuildType&gt; to NamedDomainObjectContainer&lt;BuildType&gt;&#10;&#10;&gt; Task :gradle:compileJava NO-SOURCE&#10;&gt; Task :gradle:compileGroovy NO-SOURCE&#10;&gt; Task :gradle:classes UP-TO-DATE&#10;&gt; Task :gradle:jar UP-TO-DATE&#10;&#10;[Incubating] Problems report is available at: file:///Users/sangtruong/project_structure/android/build/reports/problems/problems-report.html&#10;&#10;FAILURE: Build failed with an exception.&#10;&#10;* Where:&#10;Build file &apos;/Users/sangtruong/project_structure/android/app/build.gradle&apos; line: 2&#10;&#10;* What went wrong:&#10;An exception occurred applying plugin request [id: &apos;com.android.application&apos;]&#10;&gt; Failed to apply plugin &apos;com.android.internal.application&apos;.&#10;   &gt; Android Gradle plugin requires Java 17 to run. You are currently using Java 11.&#10;      Your current JDK is located in /Library/Java/JavaVirtualMachines/jdk-11.jdk/Contents/Home&#10;      You can try some of the following options:&#10;       - changing the IDE settings.&#10;       - changing the JAVA_HOME environment variable.&#10;       - changing `org.gradle.java.home` in `gradle.properties`.&#10;&#10;* Try:&#10;&gt; Run with --stacktrace option to get the stack trace.&#10;&gt; Run with --info or --debug option to get more log output.&#10;&gt; Run with --scan to get full insights.&#10;&gt; Get more help at https://help.gradle.org.&#10;&#10;Deprecated Gradle features were used in this build, making it incompatible with Gradle 9.0.&#10;&#10;You can use &apos;--warning-mode all&apos; to show the individual deprecation warnings and determine if they come from your own scripts or plugins.&#10;&#10;For more on this, please refer to https://docs.gradle.org/8.13/userguide/command_line_interface.html#sec:command_line_warnings in the Gradle documentation.&#10;&#10;BUILD FAILED in 18s&#10;4 actionable tasks: 1 executed, 3 up-to-date&#10;" />
        
      </testcase>
    
  </testsuite>
</testsuites>
